<?xml version="1.0" encoding="UTF-8"?>
<testng-results ignored="0" total="0" passed="0" failed="0" skipped="0">
  <reporter-output>
  </reporter-output>
  <suite started-at="2024-01-28T09:03:13 IST" name="looping" finished-at="2024-01-28T09:03:13 IST" duration-ms="23">
    <groups>
    </groups>
    <test started-at="2024-01-28T09:03:13 IST" name="Command line test" finished-at="2024-01-28T09:03:13 IST" duration-ms="23">
    </test> <!-- Command line test -->
  </suite> <!-- looping -->
</testng-results>
